<?xml version="1.0" encoding="UTF-8"?>
<!-- Generated by org.testng.reporters.JUnitXMLReporter -->
<testsuite ignored="0" hostname="DESKTOP-DREU99S" failures="0" tests="2" name="Login_PositiveTests" time="34.805" errors="0" timestamp="2025-11-21T01:22:59 EET">
  <testcase classname="tests.Login_PositiveScenario" name="testLogin_CorrectUsernameAndMatchingPassword" time="13.38"/>
  <testcase classname="tests.Login_PositiveScenario" name="testLogin_CorrectUsernameAndMatchingPassword" time="9.871"/>
</testsuite> <!-- Login_PositiveTests -->
