<?xml version="1.0" encoding="UTF-8"?>
<!-- Generated by org.testng.reporters.JUnitXMLReporter -->
<testsuite ignored="0" hostname="DESKTOP-DREU99S" failures="0" tests="3" name="Login_NegativeTests" time="35.806" errors="0" timestamp="2025-11-21T01:23:35 EET">
  <testcase classname="tests.Login_NegativeScenario" name="testLogin_WithInvalidEmailOrPassword" time="21.608"/>
  <testcase classname="tests.Login_NegativeScenario" name="testLogin_WithInvalidEmailOrPassword" time="4.527"/>
  <testcase classname="tests.Login_NegativeScenario" name="testLogin_WithInvalidEmailOrPassword" time="4.051"/>
</testsuite> <!-- Login_NegativeTests -->
