<?xml version="1.0" encoding="UTF-8"?>
<testng-results ignored="0" total="1" passed="1" failed="0" skipped="0">
  <reporter-output>
  </reporter-output>
  <suite started-at="2025-11-22T13:08:00 EET" name="Default suite" finished-at="2025-11-22T13:09:23 EET" duration-ms="83332">
    <groups>
    </groups>
    <test started-at="2025-11-22T13:08:00 EET" name="Default test" finished-at="2025-11-22T13:09:23 EET" duration-ms="83332">
      <class name="tests.ScrollUpArrowPage">
        <test-method is-config="true" signature="openBrowser()[pri:0, instance:tests.ScrollUpArrowPage@4f209819]" started-at="2025-11-22T13:08:00 EET" name="openBrowser" finished-at="2025-11-22T13:09:13 EET" duration-ms="72694" status="PASS">
          <reporter-output>
          </reporter-output>
        </test-method> <!-- openBrowser -->
        <test-method signature="testLogin_CorrectUsernameAndMatchingPassword()[pri:0, instance:tests.ScrollUpArrowPage@4f209819]" started-at="2025-11-22T13:09:13 EET" name="testLogin_CorrectUsernameAndMatchingPassword" finished-at="2025-11-22T13:09:23 EET" duration-ms="10078" status="PASS">
          <reporter-output>
          </reporter-output>
        </test-method> <!-- testLogin_CorrectUsernameAndMatchingPassword -->
        <test-method is-config="true" signature="closeBrowser()[pri:0, instance:tests.ScrollUpArrowPage@4f209819]" started-at="2025-11-22T13:09:23 EET" name="closeBrowser" finished-at="2025-11-22T13:09:23 EET" duration-ms="470" status="PASS">
          <reporter-output>
          </reporter-output>
        </test-method> <!-- closeBrowser -->
      </class> <!-- tests.ScrollUpArrowPage -->
    </test> <!-- Default test -->
  </suite> <!-- Default suite -->
</testng-results>
