<?xml version="1.0" encoding="UTF-8"?>
<!-- Generated by org.testng.reporters.JUnitReportReporter -->
<testsuite hostname="DESKTOP-DREU99S" failures="0" tests="3" name="tests.Login_NegativeScenario" time="30.186" errors="0" timestamp="2025-11-21T01:25:13 EET" skipped="0">
  <testcase classname="tests.Login_NegativeScenario" name="testLogin_WithInvalidEmailOrPassword" time="4.051"/>
  <testcase classname="tests.Login_NegativeScenario" name="testLogin_WithInvalidEmailOrPassword" time="21.608"/>
  <testcase classname="tests.Login_NegativeScenario" name="testLogin_WithInvalidEmailOrPassword" time="4.527"/>
</testsuite> <!-- tests.Login_NegativeScenario -->
