<?xml version="1.0" encoding="UTF-8"?>
<!-- Generated by org.testng.reporters.JUnitReportReporter -->
<testsuite hostname="DESKTOP-DREU99S" failures="0" tests="2" name="tests.Login_PositiveScenario" time="23.251" errors="0" timestamp="2025-11-21T01:25:13 EET" skipped="0">
  <testcase classname="tests.Login_PositiveScenario" name="testLogin_CorrectUsernameAndMatchingPassword" time="9.871"/>
  <testcase classname="tests.Login_PositiveScenario" name="testLogin_CorrectUsernameAndMatchingPassword" time="13.380"/>
</testsuite> <!-- tests.Login_PositiveScenario -->
