<?xml version="1.0" encoding="UTF-8"?>
<!-- Generated by org.testng.reporters.JUnitXMLReporter -->
<testsuite ignored="0" hostname="DESKTOP-DREU99S" failures="0" tests="3" name="Login_NegativeTests" time="28.446" errors="0" timestamp="2025-11-20T16:27:48 EET">
  <testcase classname="tests.Login_NegativeScenario" name="testLogin_WithInvalidEmailOrPassword" time="6.788"/>
  <testcase classname="tests.Login_NegativeScenario" name="testLogin_WithInvalidEmailOrPassword" time="6.088"/>
  <testcase classname="tests.Login_NegativeScenario" name="testLogin_WithInvalidEmailOrPassword" time="5.59"/>
</testsuite> <!-- Login_NegativeTests -->
