<?xml version="1.0" encoding="UTF-8"?>
<!-- Generated by org.testng.reporters.JUnitXMLReporter -->
<testsuite ignored="0" hostname="DESKTOP-DREU99S" failures="0" tests="2" name="Login_happyTests" time="33.603" errors="0" timestamp="2025-11-20T16:20:16 EET">
  <testcase classname="tests.Login_PositiveScenario" name="testLogin_CorrectUsernameAndMatchingPassword" time="11.654"/>
  <testcase classname="tests.Login_PositiveScenario" name="testLogin_CorrectUsernameAndMatchingPassword" time="9.775"/>
</testsuite> <!-- Login_happyTests -->
